0 info it worked if it ends with ok
1 verbose cli [ '/usr/local/bin/node',
1 verbose cli   '/usr/local/bin/npm',
1 verbose cli   'install',
1 verbose cli   '-g',
1 verbose cli   'ios-deploy' ]
2 info using npm@2.15.9
3 info using node@v4.6.1
4 verbose install initial load of /usr/local/lib/package.json
5 verbose readDependencies loading dependencies from /usr/local/lib/package.json
6 silly cache add args [ 'ios-deploy', null ]
7 verbose cache add spec ios-deploy
8 silly cache add parsed spec Result {
8 silly cache add   raw: 'ios-deploy',
8 silly cache add   scope: null,
8 silly cache add   name: 'ios-deploy',
8 silly cache add   rawSpec: '',
8 silly cache add   spec: 'latest',
8 silly cache add   type: 'tag' }
9 silly addNamed ios-deploy@latest
10 verbose addNamed "latest" is being treated as a dist-tag for ios-deploy
11 info addNameTag [ 'ios-deploy', 'latest' ]
12 silly mapToRegistry name ios-deploy
13 silly mapToRegistry using default registry
14 silly mapToRegistry registry https://registry.npmjs.org/
15 silly mapToRegistry data Result {
15 silly mapToRegistry   raw: 'ios-deploy',
15 silly mapToRegistry   scope: null,
15 silly mapToRegistry   name: 'ios-deploy',
15 silly mapToRegistry   rawSpec: '',
15 silly mapToRegistry   spec: 'latest',
15 silly mapToRegistry   type: 'tag' }
16 silly mapToRegistry uri https://registry.npmjs.org/ios-deploy
17 verbose addNameTag registry:https://registry.npmjs.org/ios-deploy not in flight; fetching
18 verbose request uri https://registry.npmjs.org/ios-deploy
19 verbose request no auth needed
20 info attempt registry request try #1 at 2:23:46 PM
21 verbose request id a6d14d9fd8abc3bc
22 http request GET https://registry.npmjs.org/ios-deploy
23 http 200 https://registry.npmjs.org/ios-deploy
24 verbose headers { server: 'nginx/1.10.1',
24 verbose headers   'content-type': 'application/json',
24 verbose headers   'last-modified': 'Mon, 16 Jan 2017 15:42:05 GMT',
24 verbose headers   etag: 'W/"587ce9cd-9e5a"',
24 verbose headers   'content-encoding': 'gzip',
24 verbose headers   'cache-control': 'max-age=300',
24 verbose headers   'content-length': '6237',
24 verbose headers   'accept-ranges': 'bytes',
24 verbose headers   date: 'Tue, 24 Jan 2017 12:23:46 GMT',
24 verbose headers   via: '1.1 varnish',
24 verbose headers   age: '108',
24 verbose headers   connection: 'keep-alive',
24 verbose headers   'x-served-by': 'cache-hhn1549-HHN',
24 verbose headers   'x-cache': 'HIT',
24 verbose headers   'x-cache-hits': '1',
24 verbose headers   'x-timer': 'S1485260626.897946,VS0,VE0',
24 verbose headers   vary: 'Accept-Encoding' }
25 silly get cb [ 200,
25 silly get   { server: 'nginx/1.10.1',
25 silly get     'content-type': 'application/json',
25 silly get     'last-modified': 'Mon, 16 Jan 2017 15:42:05 GMT',
25 silly get     etag: 'W/"587ce9cd-9e5a"',
25 silly get     'content-encoding': 'gzip',
25 silly get     'cache-control': 'max-age=300',
25 silly get     'content-length': '6237',
25 silly get     'accept-ranges': 'bytes',
25 silly get     date: 'Tue, 24 Jan 2017 12:23:46 GMT',
25 silly get     via: '1.1 varnish',
25 silly get     age: '108',
25 silly get     connection: 'keep-alive',
25 silly get     'x-served-by': 'cache-hhn1549-HHN',
25 silly get     'x-cache': 'HIT',
25 silly get     'x-cache-hits': '1',
25 silly get     'x-timer': 'S1485260626.897946,VS0,VE0',
25 silly get     vary: 'Accept-Encoding' } ]
26 verbose get saving ios-deploy to /Users/alexandru/.npm/registry.npmjs.org/ios-deploy/.cache.json
27 verbose correctMkdir /Users/alexandru/.npm correctMkdir not in flight; initializing
28 silly addNameTag next cb for ios-deploy with tag latest
29 silly addNamed ios-deploy@1.9.0
30 verbose addNamed "1.9.0" is a plain semver version for ios-deploy
31 silly mapToRegistry name ios-deploy
32 silly mapToRegistry using default registry
33 silly mapToRegistry registry https://registry.npmjs.org/
34 silly mapToRegistry data Result {
34 silly mapToRegistry   raw: 'ios-deploy',
34 silly mapToRegistry   scope: null,
34 silly mapToRegistry   name: 'ios-deploy',
34 silly mapToRegistry   rawSpec: '',
34 silly mapToRegistry   spec: 'latest',
34 silly mapToRegistry   type: 'tag' }
35 silly mapToRegistry uri https://registry.npmjs.org/ios-deploy
36 verbose addRemoteTarball https://registry.npmjs.org/ios-deploy/-/ios-deploy-1.9.0.tgz not in flight; adding
37 verbose addRemoteTarball [ 'https://registry.npmjs.org/ios-deploy/-/ios-deploy-1.9.0.tgz',
37 verbose addRemoteTarball   '9f065b9dd78143df51c8a740dac974615b950984' ]
38 info retry fetch attempt 1 at 2:23:46 PM
39 info attempt registry request try #1 at 2:23:46 PM
40 http fetch GET https://registry.npmjs.org/ios-deploy/-/ios-deploy-1.9.0.tgz
41 http fetch 200 https://registry.npmjs.org/ios-deploy/-/ios-deploy-1.9.0.tgz
42 silly fetchAndShaCheck shasum 9f065b9dd78143df51c8a740dac974615b950984
43 verbose addTmpTarball /var/folders/gd/1l6q66k50_g7fr5cdr3dyzbh0000gn/T/npm-14855-5badf324/registry.npmjs.org/ios-deploy/-/ios-deploy-1.9.0.tgz not in flight; adding
44 verbose addTmpTarball already have metadata; skipping unpack for ios-deploy@1.9.0
45 verbose correctMkdir /Users/alexandru/.npm correctMkdir not in flight; initializing
46 silly cache afterAdd ios-deploy@1.9.0
47 verbose afterAdd /Users/alexandru/.npm/ios-deploy/1.9.0/package/package.json not in flight; writing
48 verbose correctMkdir /Users/alexandru/.npm correctMkdir not in flight; initializing
49 verbose afterAdd /Users/alexandru/.npm/ios-deploy/1.9.0/package/package.json written
50 silly install resolved [ { name: 'ios-deploy',
50 silly install resolved     version: '1.9.0',
50 silly install resolved     os: [ 'darwin' ],
50 silly install resolved     description: 'launch iOS apps iOS devices from the command line (Xcode 7)',
50 silly install resolved     main: 'ios-deploy',
50 silly install resolved     scripts:
50 silly install resolved      { preinstall: './src/scripts/check_reqs.js && xcodebuild',
50 silly install resolved        test: 'npm run pycompile && npm run jshint && xcodebuild -target ios-deploy-lib && xcodebuild test -scheme ios-deploy-tests',
50 silly install resolved        jshint: 'node node_modules/jshint/bin/jshint src/scripts/*.js',
50 silly install resolved        pycompile: 'python -m py_compile src/scripts/*.py' },
50 silly install resolved     bin: { 'ios-deploy': './build/Release/ios-deploy' },
50 silly install resolved     repository:
50 silly install resolved      { type: 'git',
50 silly install resolved        url: 'git+https://github.com/phonegap/ios-deploy.git' },
50 silly install resolved     devDependencies: { jshint: '2.5.8' },
50 silly install resolved     keywords: [ 'ios-deploy', 'deploy to iOS device' ],
50 silly install resolved     bugs: { url: 'https://github.com/phonegap/ios-deploy/issues' },
50 silly install resolved     author: { name: 'Greg Hughes' },
50 silly install resolved     license: 'GPLv3',
50 silly install resolved     gitHead: '4346b331b703db43aeb3f9281c509042a551f2cc',
50 silly install resolved     homepage: 'https://github.com/phonegap/ios-deploy#readme',
50 silly install resolved     _id: 'ios-deploy@1.9.0',
50 silly install resolved     _shasum: '9f065b9dd78143df51c8a740dac974615b950984',
50 silly install resolved     _from: 'ios-deploy@latest',
50 silly install resolved     _npmVersion: '3.10.3',
50 silly install resolved     _nodeVersion: '6.4.0',
50 silly install resolved     _npmUser: { name: 'shazron', email: 'shazron@gmail.com' },
50 silly install resolved     dist:
50 silly install resolved      { shasum: '9f065b9dd78143df51c8a740dac974615b950984',
50 silly install resolved        tarball: 'https://registry.npmjs.org/ios-deploy/-/ios-deploy-1.9.0.tgz' },
50 silly install resolved     maintainers: [ [Object], [Object], [Object] ],
50 silly install resolved     _npmOperationalInternal:
50 silly install resolved      { host: 'packages-16-east.internal.npmjs.com',
50 silly install resolved        tmp: 'tmp/ios-deploy-1.9.0.tgz_1474020371227_0.9639754295349121' },
50 silly install resolved     directories: {},
50 silly install resolved     _resolved: 'https://registry.npmjs.org/ios-deploy/-/ios-deploy-1.9.0.tgz' } ]
51 info install ios-deploy@1.9.0 into /usr/local/lib
52 info installOne ios-deploy@1.9.0
53 verbose installOne of ios-deploy to /usr/local/lib not in flight; installing
54 verbose correctMkdir /Users/alexandru/.npm/_locks correctMkdir not in flight; initializing
55 verbose lock using /Users/alexandru/.npm/_locks/ios-deploy-198957223cd98201.lock for /usr/local/lib/node_modules/ios-deploy
56 silly install write writing ios-deploy 1.9.0 to /usr/local/lib/node_modules/ios-deploy
57 verbose unbuild lib/node_modules/ios-deploy
58 silly gentlyRm /usr/local/lib/node_modules/ios-deploy is being purged from base /usr/local
59 verbose gentlyRm don't care about contents; nuking /usr/local/lib/node_modules/ios-deploy
60 verbose tar unpack /Users/alexandru/.npm/ios-deploy/1.9.0/package.tgz
61 verbose tar unpacking to /usr/local/lib/node_modules/ios-deploy
62 silly gentlyRm /usr/local/lib/node_modules/ios-deploy is being purged
63 verbose gentlyRm don't care about contents; nuking /usr/local/lib/node_modules/ios-deploy
64 silly gunzTarPerm modes [ '755', '644' ]
65 silly gunzTarPerm extractEntry package.json
66 silly gunzTarPerm extractEntry .npmignore
67 silly gunzTarPerm extractEntry README.md
68 silly gunzTarPerm extractEntry LICENSE
69 silly gunzTarPerm extractEntry demo/.npmignore
70 silly gunzTarPerm extractEntry demo/Entitlements.plist
71 silly gunzTarPerm extractEntry demo/Info.plist
72 silly gunzTarPerm extractEntry demo/Makefile
73 silly gunzTarPerm extractEntry demo/ResourceRules.plist
74 silly gunzTarPerm extractEntry demo/demo.c
75 silly gunzTarPerm extractEntry ios-deploy.xcodeproj/project.pbxproj
76 silly gunzTarPerm extractEntry ios-deploy.xcodeproj/project.xcworkspace/contents.xcworkspacedata
77 silly gunzTarPerm extractEntry ios-deploy.xcodeproj/project.xcworkspace/xcuserdata/shazron.xcuserdatad/UserInterfaceState.xcuserstate
78 silly gunzTarPerm extractEntry ios-deploy.xcodeproj/xcshareddata/xcschemes/ios-deploy-tests.xcscheme
79 silly gunzTarPerm extractEntry ios-deploy.xcodeproj/xcuserdata/shazron.xcuserdatad/xcschemes/ios-deploy-lib.xcscheme
80 silly gunzTarPerm extractEntry ios-deploy.xcodeproj/xcuserdata/shazron.xcuserdatad/xcschemes/ios-deploy.xcscheme
81 silly gunzTarPerm extractEntry ios-deploy.xcodeproj/xcuserdata/shazron.xcuserdatad/xcschemes/xcschememanagement.plist
82 silly gunzTarPerm extractEntry CONTRIBUTING.md
83 silly gunzTarPerm extractEntry src/ios-deploy/MobileDevice.h
84 silly gunzTarPerm extractEntry src/ios-deploy/errors.h
85 silly gunzTarPerm extractEntry src/ios-deploy/ios-deploy.m
86 silly gunzTarPerm extractEntry src/ios-deploy/version.h
87 silly gunzTarPerm extractEntry src/ios-deploy-lib/libios_deploy.h
88 silly gunzTarPerm extractEntry src/ios-deploy-lib/libios_deploy.m
89 silly gunzTarPerm extractEntry src/ios-deploy-tests/Info.plist
90 silly gunzTarPerm extractEntry src/ios-deploy-tests/ios_deploy_tests.m
91 silly gunzTarPerm extractEntry src/scripts/check_reqs.js
92 silly gunzTarPerm extractEntry src/scripts/lldb.py
93 verbose write writing to /usr/local/lib/node_modules/ios-deploy/package.json
94 info preinstall ios-deploy@1.9.0
95 verbose unsafe-perm in lifecycle true
96 info ios-deploy@1.9.0 Failed to exec preinstall script
97 verbose unlock done using /Users/alexandru/.npm/_locks/ios-deploy-198957223cd98201.lock for /usr/local/lib/node_modules/ios-deploy
98 verbose stack Error: ios-deploy@1.9.0 preinstall: `./src/scripts/check_reqs.js && xcodebuild`
98 verbose stack Exit status 1
98 verbose stack     at EventEmitter.<anonymous> (/usr/local/lib/node_modules/npm/lib/utils/lifecycle.js:217:16)
98 verbose stack     at emitTwo (events.js:87:13)
98 verbose stack     at EventEmitter.emit (events.js:172:7)
98 verbose stack     at ChildProcess.<anonymous> (/usr/local/lib/node_modules/npm/lib/utils/spawn.js:24:14)
98 verbose stack     at emitTwo (events.js:87:13)
98 verbose stack     at ChildProcess.emit (events.js:172:7)
98 verbose stack     at maybeClose (internal/child_process.js:829:16)
98 verbose stack     at Process.ChildProcess._handle.onexit (internal/child_process.js:211:5)
99 verbose pkgid ios-deploy@1.9.0
100 verbose cwd /Users/alexandru/Documents/Arduino/arduinofeeder
101 error Darwin 16.3.0
102 error argv "/usr/local/bin/node" "/usr/local/bin/npm" "install" "-g" "ios-deploy"
103 error node v4.6.1
104 error npm  v2.15.9
105 error code ELIFECYCLE
106 error ios-deploy@1.9.0 preinstall: `./src/scripts/check_reqs.js && xcodebuild`
106 error Exit status 1
107 error Failed at the ios-deploy@1.9.0 preinstall script './src/scripts/check_reqs.js && xcodebuild'.
107 error This is most likely a problem with the ios-deploy package,
107 error not with npm itself.
107 error Tell the author that this fails on your system:
107 error     ./src/scripts/check_reqs.js && xcodebuild
107 error You can get information on how to open an issue for this project with:
107 error     npm bugs ios-deploy
107 error Or if that isn't available, you can get their info via:
107 error
107 error     npm owner ls ios-deploy
107 error There is likely additional logging output above.
108 verbose exit [ 1, true ]
109 verbose unbuild lib/node_modules/ios-deploy
110 info preuninstall ios-deploy@1.9.0
111 info uninstall ios-deploy@1.9.0
112 verbose unbuild rmStuff ios-deploy@1.9.0 from /usr/local/lib/node_modules
113 silly gentlyRm /usr/local/bin/ios-deploy is being gently removed
114 silly gentlyRm verifying /usr/local is an npm working directory
115 silly gentlyRm containing path /usr/local is under npm's control, in /usr/local
116 silly gentlyRm deletion target /usr/local/bin/ios-deploy is under /usr/local
117 verbose gentlyRm vacuuming from /usr/local/bin/ios-deploy up to /usr/local
118 info postuninstall ios-deploy@1.9.0
119 silly gentlyRm /usr/local/lib/node_modules/ios-deploy is being purged from base /usr/local
120 verbose gentlyRm don't care about contents; nuking /usr/local/lib/node_modules/ios-deploy
121 silly vacuum-fs purging /usr/local/lib/node_modules/ios-deploy
122 silly vacuum-fs quitting because other entries in /usr/local/lib/node_modules
